<?xml version="1.0" encoding="UTF-8"?>
<!-- Generated by org.testng.reporters.JUnitReportReporter -->
<testsuite hostname="DESKTOP-8UTBN9F" failures="0" tests="9" name="qa_almosafer.test_Almosafer" time="62.783" errors="0" timestamp="2024-12-23T15:38:44 EET" skipped="4">
  <testcase classname="qa_almosafer.test_Almosafer" name="check_hotel_tap_is_not_select" time="0.075"/>
  <system-out/>
  <testcase classname="qa_almosafer.test_Almosafer" name="check_date" time="0.154"/>
  <system-out/>
  <testcase classname="qa_almosafer.test_Almosafer" name="randomly_change_the_language" time="11.788"/>
  <system-out/>
  <testcase classname="qa_almosafer.test_Almosafer" name="check_the_page_is_fully_loded" time="30.144"/>
  <system-out/>
  <testcase classname="qa_almosafer.test_Almosafer" name="sort" time="20.622"/>
  <system-out/>
  <testcase classname="qa_almosafer.test_Almosafer" name="check_the_currency_is_SAR">
    <skipped/>
  </testcase> <!-- check_the_currency_is_SAR -->
  <system-out/>
  <testcase classname="qa_almosafer.test_Almosafer" name="check_contact_number">
    <skipped/>
  </testcase> <!-- check_contact_number -->
  <system-out/>
  <testcase classname="qa_almosafer.test_Almosafer" name="check_qitaf_logo_is_there_in_footer">
    <skipped/>
  </testcase> <!-- check_qitaf_logo_is_there_in_footer -->
  <system-out/>
  <testcase classname="qa_almosafer.test_Almosafer" name="check_en_language_is_defult">
    <skipped/>
  </testcase> <!-- check_en_language_is_defult -->
  <system-out/>
</testsuite> <!-- qa_almosafer.test_Almosafer -->
