<?xml version="1.0" encoding="UTF-8"?>
<!-- Generated by org.testng.reporters.JUnitReportReporter -->
<testsuite hostname="DESKTOP-8UTBN9F" failures="0" tests="8" name="qa_almosafer.test_Almosafer" time="0.494" errors="0" timestamp="2024-12-22T20:48:36 EET" skipped="7">
  <testcase classname="qa_almosafer.test_Almosafer" name="check_en_language_is_defult" time="0.494"/>
  <system-out/>
  <testcase classname="qa_almosafer.test_Almosafer" name="check_the_currency_is_SAR">
    <skipped/>
  </testcase> <!-- check_the_currency_is_SAR -->
  <system-out/>
  <testcase classname="qa_almosafer.test_Almosafer" name="randomly_change_the_language">
    <skipped/>
  </testcase> <!-- randomly_change_the_language -->
  <system-out/>
  <testcase classname="qa_almosafer.test_Almosafer" name="check_contact_number">
    <skipped/>
  </testcase> <!-- check_contact_number -->
  <system-out/>
  <testcase classname="qa_almosafer.test_Almosafer" name="sort">
    <skipped/>
  </testcase> <!-- sort -->
  <system-out/>
  <testcase classname="qa_almosafer.test_Almosafer" name="check_date">
    <skipped/>
  </testcase> <!-- check_date -->
  <system-out/>
  <testcase classname="qa_almosafer.test_Almosafer" name="check_qitaf_logo_is_there_in_footer">
    <skipped/>
  </testcase> <!-- check_qitaf_logo_is_there_in_footer -->
  <system-out/>
  <testcase classname="qa_almosafer.test_Almosafer" name="check_hotel_tap_is_not_select">
    <skipped/>
  </testcase> <!-- check_hotel_tap_is_not_select -->
  <system-out/>
</testsuite> <!-- qa_almosafer.test_Almosafer -->
